#
# A fatal error has been detected by the Java Runtime Environment:
#
#  EXCEPTION_ACCESS_VIOLATION (0xc0000005) at pc=0x000002a2a55f12e7, pid=24376, tid=25100
#
# JRE version: OpenJDK Runtime Environment Corretto-11.0.25.9.1 (11.0.25+9) (build 11.0.25+9-LTS)
# Java VM: OpenJDK 64-Bit Server VM Corretto-11.0.25.9.1 (11.0.25+9-LTS, mixed mode, tiered, compressed oops, g1 gc, windows-amd64)
# Problematic frame:
# v  ~StubRoutines::get_previous_fp
#
# No core dump will be written. Minidumps are not enabled by default on client versions of Windows
#
# If you would like to submit a bug report, please visit:
#   https://github.com/corretto/corretto-11/issues/
#

---------------  S U M M A R Y ------------

Command Line: -XX:TieredStopAtLevel=1 -Xverify:none -Dspring.profiles.active=local -Dspring.output.ansi.enabled=always -Dcom.sun.management.jmxremote -Dspring.jmx.enabled=true -Dspring.liveBeansView.mbeanDomain -Dspring.application.admin.enabled=true -Dmanagement.endpoints.jmx.exposure.include=* -javaagent:D:\Idea\IntelliJ IDEA 2024.1.6\lib\idea_rt.jar=56086:D:\Idea\IntelliJ IDEA 2024.1.6\bin -Dfile.encoding=UTF-8 com.hmall.item.ItemApplication

Host: AMD Ryzen 7 7840H with Radeon 780M Graphics, 16 cores, 15G,  Windows 11 , 64 bit Build 22621 (10.0.22621.4391)
Time: Fri Nov 22 18:22:03 2024  Windows 11 , 64 bit Build 22621 (10.0.22621.4391) elapsed time: 0.246731 seconds (0d 0h 0m 0s)

---------------  T H R E A D  ---------------

Current thread (0x000002a29ce6a000):  JavaThread "main" [_thread_in_vm, id=25100, stack(0x000000ac91e00000,0x000000ac91f00000)]

Stack: [0x000000ac91e00000,0x000000ac91f00000],  sp=0x000000ac91eff710,  free space=1021k
Native frames: (J=compiled Java code, j=interpreted, Vv=VM code, C=native code)
C  0x000002a2a55f12e7


siginfo: EXCEPTION_ACCESS_VIOLATION (0xc0000005), reading address 0x00000000000003d8


Register to memory mapping:

RIP=0x000002a2a55f12e7 is at begin+8 in a stub
StubRoutines::get_previous_fp [0x000002a2a55f12df, 0x000002a2a55f12ec[ (13 bytes)
RAX=0x00000000000003d8 is an unknown value
RBX=0x000000ac91eff7b0 is pointing into the stack for thread: 0x000002a29ce6a000
RCX=0x000000ac91eff7b0 is pointing into the stack for thread: 0x000002a29ce6a000
RDX=0x0 is NULL
RSP=0x000000ac91eff710 is pointing into the stack for thread: 0x000002a29ce6a000
RBP=0x000000ac91eff710 is pointing into the stack for thread: 0x000002a29ce6a000
RSI=0x0 is NULL
RDI=0x000002a29ce6a000 is a thread
R8 =0x000000ac91eff688 is pointing into the stack for thread: 0x000002a29ce6a000
R9 =0x0 is NULL
R10=0x0 is NULL
R11=0x000000ac91eff740 is pointing into the stack for thread: 0x000002a29ce6a000
R12=0x000002a29ce6a918 points into unknown readable memory: 0x0805af3ec87b6210 | 10 62 7b c8 3e af 05 08
R13=0x000002a29ceea818 points into unknown readable memory: 0x000002a29ab3aed0 | d0 ae b3 9a a2 02 00 00
R14=0x000002a2c1a912b0 points into unknown readable memory: 0x000002a2c19b98a0 | a0 98 9b c1 a2 02 00 00
R15=0x000002a29ce6a540 points into unknown readable memory: 0x0069007400610029 | 29 00 61 00 74 00 69 00


Registers:
RAX=0x00000000000003d8, RBX=0x000000ac91eff7b0, RCX=0x000000ac91eff7b0, RDX=0x0000000000000000
RSP=0x000000ac91eff710, RBP=0x000000ac91eff710, RSI=0x0000000000000000, RDI=0x000002a29ce6a000
R8 =0x000000ac91eff688, R9 =0x0000000000000000, R10=0x0000000000000000, R11=0x000000ac91eff740
R12=0x000002a29ce6a918, R13=0x000002a29ceea818, R14=0x000002a2c1a912b0, R15=0x000002a29ce6a540
RIP=0x000002a2a55f12e7, EFLAGS=0x0000000000010202

Top of Stack: (sp=0x000000ac91eff710)
0x000000ac91eff710:   00000000000003d8 00007ffca95e5f66
0x000000ac91eff720:   00007ffd2d71f550 00007ffd2d71f550
0x000000ac91eff730:   000000ac91eff7d0 000000ac91eff760
0x000000ac91eff740:   000002a29ce6a530 00007ffca906272c
0x000000ac91eff750:   000000ac91eff7c0 000002a29ce49aa0
0x000000ac91eff760:   00000000000007d0 0000000000007fd8
0x000000ac91eff770:   000002a29ce6a000 00007ffca973a381
0x000000ac91eff780:   000002a29ce49aa0 000002a29ce6a530
0x000000ac91eff790:   000002a29ce6a530 000002a29ab36b00
0x000000ac91eff7a0:   000002a29ce54938 00007ffd2197148c
0x000000ac91eff7b0:   0000000000000024 00007ffd219782d0
0x000000ac91eff7c0:   000000ac91eff810 00007ffd2d71f550
0x000000ac91eff7d0:   00007ffd2d71f550 0000000000000000
0x000000ac91eff7e0:   0000ab9e55db6121 00007ffd21977ae0
0x000000ac91eff7f0:   000002a29ce6a000 00007ffca95e86b0
0x000000ac91eff800:   000002a29ce6a350 00007ffd219782d0 

Instructions: (pc=0x000002a2a55f12e7)
0x000002a2a55f11e7:   40 18 85 98 fe ff ff 00 62 63 35 40 18 8d 88 fe
0x000002a2a55f11f7:   ff ff 00 62 63 2d 40 18 95 78 fe ff ff 00 62 63
0x000002a2a55f1207:   25 40 18 9d 68 fe ff ff 00 62 63 1d 40 18 a5 58
0x000002a2a55f1217:   fe ff ff 00 62 63 15 40 18 ad 48 fe ff ff 00 62
0x000002a2a55f1227:   63 0d 40 18 b5 38 fe ff ff 00 62 63 05 40 18 bd
0x000002a2a55f1237:   28 fe ff ff 00 4c 8b 7d c8 4c 8b 75 d0 4c 8b 6d
0x000002a2a55f1247:   d8 4c 8b 65 e0 48 8b 5d f8 48 8b 7d e8 48 8b 75
0x000002a2a55f1257:   f0 48 81 c4 d8 01 00 00 c5 f8 77 5d c3 48 89 01
0x000002a2a55f1267:   e9 ab fe ff ff c5 fa 11 01 e9 a2 fe ff ff c5 fb
0x000002a2a55f1277:   11 01 e9 99 fe ff ff 49 89 47 08 49 ba 40 67 8e
0x000002a2a55f1287:   a9 fc 7f 00 00 4d 89 57 10 41 c7 47 18 da 01 00
0x000002a2a55f1297:   00 e9 4d fe ff ff 8b c1 87 02 c3 48 8b c1 48 87
0x000002a2a55f12a7:   02 c3 41 8b c0 f0 0f b1 0a c3 49 0f be c0 f0 0f
0x000002a2a55f12b7:   b0 0a c3 49 8b c0 f0 48 0f b1 0a c3 8b c1 f0 0f
0x000002a2a55f12c7:   c1 0a 03 c1 c3 48 8b c1 f0 48 0f c1 0a 48 03 c1
0x000002a2a55f12d7:   c3 f0 83 44 24 c0 00 c3 55 48 8b ec 48 8b 45 00
0x000002a2a55f12e7:   48 8b 00 5d c3 48 8b c4 48 83 c0 08 c3 c3 66 66
0x000002a2a55f12f7:   66 0f 1f 84 00 00 00 00 00 55 48 8b ec 41 54 48
0x000002a2a55f1307:   83 ec 28 49 b9 a0 29 a4 a9 fc 7f 00 00 f7 d1 41
0x000002a2a55f1317:   bc 00 00 00 00 41 81 f8 00 01 00 00 0f 8c b5 02
0x000002a2a55f1327:   00 00 c5 79 6e d1 62 b1 fe 48 6f 04 22 62 b1 fe
0x000002a2a55f1337:   48 6f 64 22 01 62 d1 fd 48 ef c2 62 52 7d 48 5a
0x000002a2a55f1347:   51 02 41 81 e8 00 01 00 00 41 81 f8 00 01 00 00
0x000002a2a55f1357:   0f 8c 01 01 00 00 62 b1 fe 48 6f 7c 22 02 62 31
0x000002a2a55f1367:   fe 48 6f 44 22 03 62 c2 7d 48 5a 01 41 81 e8 00
0x000002a2a55f1377:   01 00 00 41 81 c4 00 01 00 00 62 b1 fe 48 6f 1c
0x000002a2a55f1387:   22 62 b3 7d 48 44 c8 10 62 b3 7d 48 44 d0 01 62
0x000002a2a55f1397:   f1 f5 48 ef c2 62 f1 fd 48 ef c3 62 b1 fe 48 6f
0x000002a2a55f13a7:   5c 22 01 62 b3 5d 48 44 c8 10 62 b3 5d 48 44 d0
0x000002a2a55f13b7:   01 62 f1 f5 48 ef e2 62 f1 dd 48 ef e3 62 b1 fe
0x000002a2a55f13c7:   48 6f 5c 22 02 62 b3 45 48 44 c8 10 62 b3 45 48
0x000002a2a55f13d7:   44 d0 01 62 f1 f5 48 ef fa 62 f1 c5 48 ef fb 62 


Stack slot to memory mapping:
stack at sp + 0 slots: 0x00000000000003d8 is an unknown value
stack at sp + 1 slots: 0x00007ffca95e5f66 jvm.dll
stack at sp + 2 slots: 0x00007ffd2d71f550 ucrtbase.dll
stack at sp + 3 slots: 0x00007ffd2d71f550 ucrtbase.dll
stack at sp + 4 slots: 0x000000ac91eff7d0 is pointing into the stack for thread: 0x000002a29ce6a000
stack at sp + 5 slots: 0x000000ac91eff760 is pointing into the stack for thread: 0x000002a29ce6a000
stack at sp + 6 slots: 0x000002a29ce6a530 points into unknown readable memory: 0x000002a2c1a912a0 | a0 12 a9 c1 a2 02 00 00
stack at sp + 7 slots: 0x00007ffca906272c jvm.dll

StubRoutines::get_previous_fp [0x000002a2a55f12df, 0x000002a2a55f12ec[ (13 bytes)
---------------  P R O C E S S  ---------------

Threads class SMR info:
_java_thread_list=0x000002a2c1aca260, length=9, elements={
0x000002a29ce6a000, 0x000002a2c18f9800, 0x000002a2c18c5800, 0x000002a2c195a000,
0x000002a2c195b000, 0x000002a2c195e000, 0x000002a2c195f000, 0x000002a2c196a800,
0x000002a2c0ffa000
}

Java Threads: ( => current thread )
=>0x000002a29ce6a000 JavaThread "main" [_thread_in_vm, id=25100, stack(0x000000ac91e00000,0x000000ac91f00000)]
  0x000002a2c18f9800 JavaThread "Reference Handler" daemon [_thread_blocked, id=37024, stack(0x000000ac92500000,0x000000ac92600000)]
  0x000002a2c18c5800 JavaThread "Finalizer" daemon [_thread_blocked, id=39488, stack(0x000000ac92600000,0x000000ac92700000)]
  0x000002a2c195a000 JavaThread "Signal Dispatcher" daemon [_thread_blocked, id=43324, stack(0x000000ac92700000,0x000000ac92800000)]
  0x000002a2c195b000 JavaThread "Attach Listener" daemon [_thread_blocked, id=43800, stack(0x000000ac92800000,0x000000ac92900000)]
  0x000002a2c195e000 JavaThread "Service Thread" daemon [_thread_blocked, id=43676, stack(0x000000ac92900000,0x000000ac92a00000)]
  0x000002a2c195f000 JavaThread "C1 CompilerThread0" daemon [_thread_blocked, id=24180, stack(0x000000ac92a00000,0x000000ac92b00000)]
  0x000002a2c196a800 JavaThread "Sweeper thread" daemon [_thread_blocked, id=36820, stack(0x000000ac92b00000,0x000000ac92c00000)]
  0x000002a2c0ffa000 JavaThread "Common-Cleaner" daemon [_thread_blocked, id=27920, stack(0x000000ac92c00000,0x000000ac92d00000)]

Other Threads:
  0x000002a2c18c1000 VMThread "VM Thread" [stack: 0x000000ac92400000,0x000000ac92500000] [id=14808]
  0x000002a29ce85000 GCTaskThread "GC Thread#0" [stack: 0x000000ac91f00000,0x000000ac92000000] [id=40732]
  0x000002a29cede800 ConcurrentGCThread "G1 Main Marker" [stack: 0x000000ac92000000,0x000000ac92100000] [id=39700]
  0x000002a29cee0000 ConcurrentGCThread "G1 Conc#0" [stack: 0x000000ac92100000,0x000000ac92200000] [id=39688]
  0x000002a2c0f28000 ConcurrentGCThread "G1 Refine#0" [stack: 0x000000ac92200000,0x000000ac92300000] [id=37712]
  0x000002a2c0f29000 ConcurrentGCThread "G1 Young RemSet Sampling" [stack: 0x000000ac92300000,0x000000ac92400000] [id=40620]

Threads with active compile tasks:

VM state:not at safepoint (normal execution)

VM Mutex/Monitor currently owned by a thread: None

OutOfMemory and StackOverflow Exception counts:
OutOfMemoryError java_heap_errors=3

Heap address: 0x000000070ce00000, size: 3890 MB, Compressed Oops mode: Zero based, Oop shift amount: 3
Narrow klass base: 0x0000000800000000, Narrow klass shift: 0
Compressed class space size: 1073741824 Address: 0x0000000800000000

Heap:
 garbage-first heap   total 249856K, used 2048K [0x000000070ce00000, 0x0000000800000000)
  region size 1024K, 4 young (4096K), 0 survivors (0K)
 Metaspace       used 5893K, capacity 5947K, committed 6272K, reserved 1056768K
  class space    used 507K, capacity 534K, committed 640K, reserved 1048576K
Heap Regions: E=young(eden), S=young(survivor), O=old, HS=humongous(starts), HC=humongous(continues), CS=collection set, F=free, A=archive, TAMS=top-at-mark-start (previous, next)
|   0|0x000000070ce00000, 0x000000070ce00000, 0x000000070cf00000|  0%| F|  |TAMS 0x000000070ce00000, 0x000000070ce00000| Untracked 
|   1|0x000000070cf00000, 0x000000070cf00000, 0x000000070d000000|  0%| F|  |TAMS 0x000000070cf00000, 0x000000070cf00000| Untracked 
|   2|0x000000070d000000, 0x000000070d000000, 0x000000070d100000|  0%| F|  |TAMS 0x000000070d000000, 0x000000070d000000| Untracked 
|   3|0x000000070d100000, 0x000000070d100000, 0x000000070d200000|  0%| F|  |TAMS 0x000000070d100000, 0x000000070d100000| Untracked 
|   4|0x000000070d200000, 0x000000070d200000, 0x000000070d300000|  0%| F|  |TAMS 0x000000070d200000, 0x000000070d200000| Untracked 
|   5|0x000000070d300000, 0x000000070d300000, 0x000000070d400000|  0%| F|  |TAMS 0x000000070d300000, 0x000000070d300000| Untracked 
|   6|0x000000070d400000, 0x000000070d400000, 0x000000070d500000|  0%| F|  |TAMS 0x000000070d400000, 0x000000070d400000| Untracked 
|   7|0x000000070d500000, 0x000000070d500000, 0x000000070d600000|  0%| F|  |TAMS 0x000000070d500000, 0x000000070d500000| Untracked 
|   8|0x000000070d600000, 0x000000070d600000, 0x000000070d700000|  0%| F|  |TAMS 0x000000070d600000, 0x000000070d600000| Untracked 
|   9|0x000000070d700000, 0x000000070d700000, 0x000000070d800000|  0%| F|  |TAMS 0x000000070d700000, 0x000000070d700000| Untracked 
|  10|0x000000070d800000, 0x000000070d800000, 0x000000070d900000|  0%| F|  |TAMS 0x000000070d800000, 0x000000070d800000| Untracked 
|  11|0x000000070d900000, 0x000000070d900000, 0x000000070da00000|  0%| F|  |TAMS 0x000000070d900000, 0x000000070d900000| Untracked 
|  12|0x000000070da00000, 0x000000070da00000, 0x000000070db00000|  0%| F|  |TAMS 0x000000070da00000, 0x000000070da00000| Untracked 
|  13|0x000000070db00000, 0x000000070db00000, 0x000000070dc00000|  0%| F|  |TAMS 0x000000070db00000, 0x000000070db00000| Untracked 
|  14|0x000000070dc00000, 0x000000070dc00000, 0x000000070dd00000|  0%| F|  |TAMS 0x000000070dc00000, 0x000000070dc00000| Untracked 
|  15|0x000000070dd00000, 0x000000070dd00000, 0x000000070de00000|  0%| F|  |TAMS 0x000000070dd00000, 0x000000070dd00000| Untracked 
|  16|0x000000070de00000, 0x000000070de00000, 0x000000070df00000|  0%| F|  |TAMS 0x000000070de00000, 0x000000070de00000| Untracked 
|  17|0x000000070df00000, 0x000000070df00000, 0x000000070e000000|  0%| F|  |TAMS 0x000000070df00000, 0x000000070df00000| Untracked 
|  18|0x000000070e000000, 0x000000070e000000, 0x000000070e100000|  0%| F|  |TAMS 0x000000070e000000, 0x000000070e000000| Untracked 
|  19|0x000000070e100000, 0x000000070e100000, 0x000000070e200000|  0%| F|  |TAMS 0x000000070e100000, 0x000000070e100000| Untracked 
|  20|0x000000070e200000, 0x000000070e200000, 0x000000070e300000|  0%| F|  |TAMS 0x000000070e200000, 0x000000070e200000| Untracked 
|  21|0x000000070e300000, 0x000000070e300000, 0x000000070e400000|  0%| F|  |TAMS 0x000000070e300000, 0x000000070e300000| Untracked 
|  22|0x000000070e400000, 0x000000070e400000, 0x000000070e500000|  0%| F|  |TAMS 0x000000070e400000, 0x000000070e400000| Untracked 
|  23|0x000000070e500000, 0x000000070e500000, 0x000000070e600000|  0%| F|  |TAMS 0x000000070e500000, 0x000000070e500000| Untracked 
|  24|0x000000070e600000, 0x000000070e600000, 0x000000070e700000|  0%| F|  |TAMS 0x000000070e600000, 0x000000070e600000| Untracked 
|  25|0x000000070e700000, 0x000000070e700000, 0x000000070e800000|  0%| F|  |TAMS 0x000000070e700000, 0x000000070e700000| Untracked 
|  26|0x000000070e800000, 0x000000070e800000, 0x000000070e900000|  0%| F|  |TAMS 0x000000070e800000, 0x000000070e800000| Untracked 
|  27|0x000000070e900000, 0x000000070e900000, 0x000000070ea00000|  0%| F|  |TAMS 0x000000070e900000, 0x000000070e900000| Untracked 
|  28|0x000000070ea00000, 0x000000070ea00000, 0x000000070eb00000|  0%| F|  |TAMS 0x000000070ea00000, 0x000000070ea00000| Untracked 
|  29|0x000000070eb00000, 0x000000070eb00000, 0x000000070ec00000|  0%| F|  |TAMS 0x000000070eb00000, 0x000000070eb00000| Untracked 
|  30|0x000000070ec00000, 0x000000070ec00000, 0x000000070ed00000|  0%| F|  |TAMS 0x000000070ec00000, 0x000000070ec00000| Untracked 
|  31|0x000000070ed00000, 0x000000070ed00000, 0x000000070ee00000|  0%| F|  |TAMS 0x000000070ed00000, 0x000000070ed00000| Untracked 
|  32|0x000000070ee00000, 0x000000070ee00000, 0x000000070ef00000|  0%| F|  |TAMS 0x000000070ee00000, 0x000000070ee00000| Untracked 
|  33|0x000000070ef00000, 0x000000070ef00000, 0x000000070f000000|  0%| F|  |TAMS 0x000000070ef00000, 0x000000070ef00000| Untracked 
|  34|0x000000070f000000, 0x000000070f000000, 0x000000070f100000|  0%| F|  |TAMS 0x000000070f000000, 0x000000070f000000| Untracked 
|  35|0x000000070f100000, 0x000000070f100000, 0x000000070f200000|  0%| F|  |TAMS 0x000000070f100000, 0x000000070f100000| Untracked 
|  36|0x000000070f200000, 0x000000070f200000, 0x000000070f300000|  0%| F|  |TAMS 0x000000070f200000, 0x000000070f200000| Untracked 
|  37|0x000000070f300000, 0x000000070f300000, 0x000000070f400000|  0%| F|  |TAMS 0x000000070f300000, 0x000000070f300000| Untracked 
|  38|0x000000070f400000, 0x000000070f400000, 0x000000070f500000|  0%| F|  |TAMS 0x000000070f400000, 0x000000070f400000| Untracked 
|  39|0x000000070f500000, 0x000000070f500000, 0x000000070f600000|  0%| F|  |TAMS 0x000000070f500000, 0x000000070f500000| Untracked 
|  40|0x000000070f600000, 0x000000070f600000, 0x000000070f700000|  0%| F|  |TAMS 0x000000070f600000, 0x000000070f600000| Untracked 
|  41|0x000000070f700000, 0x000000070f700000, 0x000000070f800000|  0%| F|  |TAMS 0x000000070f700000, 0x000000070f700000| Untracked 
|  42|0x000000070f800000, 0x000000070f800000, 0x000000070f900000|  0%| F|  |TAMS 0x000000070f800000, 0x000000070f800000| Untracked 
|  43|0x000000070f900000, 0x000000070f900000, 0x000000070fa00000|  0%| F|  |TAMS 0x000000070f900000, 0x000000070f900000| Untracked 
|  44|0x000000070fa00000, 0x000000070fa00000, 0x000000070fb00000|  0%| F|  |TAMS 0x000000070fa00000, 0x000000070fa00000| Untracked 
|  45|0x000000070fb00000, 0x000000070fb00000, 0x000000070fc00000|  0%| F|  |TAMS 0x000000070fb00000, 0x000000070fb00000| Untracked 
|  46|0x000000070fc00000, 0x000000070fc00000, 0x000000070fd00000|  0%| F|  |TAMS 0x000000070fc00000, 0x000000070fc00000| Untracked 
|  47|0x000000070fd00000, 0x000000070fd00000, 0x000000070fe00000|  0%| F|  |TAMS 0x000000070fd00000, 0x000000070fd00000| Untracked 
|  48|0x000000070fe00000, 0x000000070fe00000, 0x000000070ff00000|  0%| F|  |TAMS 0x000000070fe00000, 0x000000070fe00000| Untracked 
|  49|0x000000070ff00000, 0x000000070ff00000, 0x0000000710000000|  0%| F|  |TAMS 0x000000070ff00000, 0x000000070ff00000| Untracked 
|  50|0x0000000710000000, 0x0000000710000000, 0x0000000710100000|  0%| F|  |TAMS 0x0000000710000000, 0x0000000710000000| Untracked 
|  51|0x0000000710100000, 0x0000000710100000, 0x0000000710200000|  0%| F|  |TAMS 0x0000000710100000, 0x0000000710100000| Untracked 
|  52|0x0000000710200000, 0x0000000710200000, 0x0000000710300000|  0%| F|  |TAMS 0x0000000710200000, 0x0000000710200000| Untracked 
|  53|0x0000000710300000, 0x0000000710300000, 0x0000000710400000|  0%| F|  |TAMS 0x0000000710300000, 0x0000000710300000| Untracked 
|  54|0x0000000710400000, 0x0000000710400000, 0x0000000710500000|  0%| F|  |TAMS 0x0000000710400000, 0x0000000710400000| Untracked 
|  55|0x0000000710500000, 0x0000000710500000, 0x0000000710600000|  0%| F|  |TAMS 0x0000000710500000, 0x0000000710500000| Untracked 
|  56|0x0000000710600000, 0x0000000710600000, 0x0000000710700000|  0%| F|  |TAMS 0x0000000710600000, 0x0000000710600000| Untracked 
|  57|0x0000000710700000, 0x0000000710700000, 0x0000000710800000|  0%| F|  |TAMS 0x0000000710700000, 0x0000000710700000| Untracked 
|  58|0x0000000710800000, 0x0000000710800000, 0x0000000710900000|  0%| F|  |TAMS 0x0000000710800000, 0x0000000710800000| Untracked 
|  59|0x0000000710900000, 0x0000000710900000, 0x0000000710a00000|  0%| F|  |TAMS 0x0000000710900000, 0x0000000710900000| Untracked 
|  60|0x0000000710a00000, 0x0000000710a00000, 0x0000000710b00000|  0%| F|  |TAMS 0x0000000710a00000, 0x0000000710a00000| Untracked 
|  61|0x0000000710b00000, 0x0000000710b00000, 0x0000000710c00000|  0%| F|  |TAMS 0x0000000710b00000, 0x0000000710b00000| Untracked 
|  62|0x0000000710c00000, 0x0000000710c00000, 0x0000000710d00000|  0%| F|  |TAMS 0x0000000710c00000, 0x0000000710c00000| Untracked 
|  63|0x0000000710d00000, 0x0000000710d00000, 0x0000000710e00000|  0%| F|  |TAMS 0x0000000710d00000, 0x0000000710d00000| Untracked 
|  64|0x0000000710e00000, 0x0000000710e00000, 0x0000000710f00000|  0%| F|  |TAMS 0x0000000710e00000, 0x0000000710e00000| Untracked 
|  65|0x0000000710f00000, 0x0000000710f00000, 0x0000000711000000|  0%| F|  |TAMS 0x0000000710f00000, 0x0000000710f00000| Untracked 
|  66|0x0000000711000000, 0x0000000711000000, 0x0000000711100000|  0%| F|  |TAMS 0x0000000711000000, 0x0000000711000000| Untracked 
|  67|0x0000000711100000, 0x0000000711100000, 0x0000000711200000|  0%| F|  |TAMS 0x0000000711100000, 0x0000000711100000| Untracked 
|  68|0x0000000711200000, 0x0000000711200000, 0x0000000711300000|  0%| F|  |TAMS 0x0000000711200000, 0x0000000711200000| Untracked 
|  69|0x0000000711300000, 0x0000000711300000, 0x0000000711400000|  0%| F|  |TAMS 0x0000000711300000, 0x0000000711300000| Untracked 
|  70|0x0000000711400000, 0x0000000711400000, 0x0000000711500000|  0%| F|  |TAMS 0x0000000711400000, 0x0000000711400000| Untracked 
|  71|0x0000000711500000, 0x0000000711500000, 0x0000000711600000|  0%| F|  |TAMS 0x0000000711500000, 0x0000000711500000| Untracked 
|  72|0x0000000711600000, 0x0000000711600000, 0x0000000711700000|  0%| F|  |TAMS 0x0000000711600000, 0x0000000711600000| Untracked 
|  73|0x0000000711700000, 0x0000000711700000, 0x0000000711800000|  0%| F|  |TAMS 0x0000000711700000, 0x0000000711700000| Untracked 
|  74|0x0000000711800000, 0x0000000711800000, 0x0000000711900000|  0%| F|  |TAMS 0x0000000711800000, 0x0000000711800000| Untracked 
|  75|0x0000000711900000, 0x0000000711900000, 0x0000000711a00000|  0%| F|  |TAMS 0x0000000711900000, 0x0000000711900000| Untracked 
|  76|0x0000000711a00000, 0x0000000711a00000, 0x0000000711b00000|  0%| F|  |TAMS 0x0000000711a00000, 0x0000000711a00000| Untracked 
|  77|0x0000000711b00000, 0x0000000711b00000, 0x0000000711c00000|  0%| F|  |TAMS 0x0000000711b00000, 0x0000000711b00000| Untracked 
|  78|0x0000000711c00000, 0x0000000711c00000, 0x0000000711d00000|  0%| F|  |TAMS 0x0000000711c00000, 0x0000000711c00000| Untracked 
|  79|0x0000000711d00000, 0x0000000711d00000, 0x0000000711e00000|  0%| F|  |TAMS 0x0000000711d00000, 0x0000000711d00000| Untracked 
|  80|0x0000000711e00000, 0x0000000711e00000, 0x0000000711f00000|  0%| F|  |TAMS 0x0000000711e00000, 0x0000000711e00000| Untracked 
|  81|0x0000000711f00000, 0x0000000711f00000, 0x0000000712000000|  0%| F|  |TAMS 0x0000000711f00000, 0x0000000711f00000| Untracked 
|  82|0x0000000712000000, 0x0000000712000000, 0x0000000712100000|  0%| F|  |TAMS 0x0000000712000000, 0x0000000712000000| Untracked 
|  83|0x0000000712100000, 0x0000000712100000, 0x0000000712200000|  0%| F|  |TAMS 0x0000000712100000, 0x0000000712100000| Untracked 
|  84|0x0000000712200000, 0x0000000712200000, 0x0000000712300000|  0%| F|  |TAMS 0x0000000712200000, 0x0000000712200000| Untracked 
|  85|0x0000000712300000, 0x0000000712300000, 0x0000000712400000|  0%| F|  |TAMS 0x0000000712300000, 0x0000000712300000| Untracked 
|  86|0x0000000712400000, 0x0000000712400000, 0x0000000712500000|  0%| F|  |TAMS 0x0000000712400000, 0x0000000712400000| Untracked 
|  87|0x0000000712500000, 0x0000000712500000, 0x0000000712600000|  0%| F|  |TAMS 0x0000000712500000, 0x0000000712500000| Untracked 
|  88|0x0000000712600000, 0x0000000712600000, 0x0000000712700000|  0%| F|  |TAMS 0x0000000712600000, 0x0000000712600000| Untracked 
|  89|0x0000000712700000, 0x0000000712700000, 0x0000000712800000|  0%| F|  |TAMS 0x0000000712700000, 0x0000000712700000| Untracked 
|  90|0x0000000712800000, 0x0000000712800000, 0x0000000712900000|  0%| F|  |TAMS 0x0000000712800000, 0x0000000712800000| Untracked 
|  91|0x0000000712900000, 0x0000000712900000, 0x0000000712a00000|  0%| F|  |TAMS 0x0000000712900000, 0x0000000712900000| Untracked 
|  92|0x0000000712a00000, 0x0000000712a00000, 0x0000000712b00000|  0%| F|  |TAMS 0x0000000712a00000, 0x0000000712a00000| Untracked 
|  93|0x0000000712b00000, 0x0000000712b00000, 0x0000000712c00000|  0%| F|  |TAMS 0x0000000712b00000, 0x0000000712b00000| Untracked 
|  94|0x0000000712c00000, 0x0000000712c00000, 0x0000000712d00000|  0%| F|  |TAMS 0x0000000712c00000, 0x0000000712c00000| Untracked 
|  95|0x0000000712d00000, 0x0000000712d00000, 0x0000000712e00000|  0%| F|  |TAMS 0x0000000712d00000, 0x0000000712d00000| Untracked 
|  96|0x0000000712e00000, 0x0000000712e00000, 0x0000000712f00000|  0%| F|  |TAMS 0x0000000712e00000, 0x0000000712e00000| Untracked 
|  97|0x0000000712f00000, 0x0000000712f00000, 0x0000000713000000|  0%| F|  |TAMS 0x0000000712f00000, 0x0000000712f00000| Untracked 
|  98|0x0000000713000000, 0x0000000713000000, 0x0000000713100000|  0%| F|  |TAMS 0x0000000713000000, 0x0000000713000000| Untracked 
|  99|0x0000000713100000, 0x0000000713100000, 0x0000000713200000|  0%| F|  |TAMS 0x0000000713100000, 0x0000000713100000| Untracked 
| 100|0x0000000713200000, 0x0000000713200000, 0x0000000713300000|  0%| F|  |TAMS 0x0000000713200000, 0x0000000713200000| Untracked 
| 101|0x0000000713300000, 0x0000000713300000, 0x0000000713400000|  0%| F|  |TAMS 0x0000000713300000, 0x0000000713300000| Untracked 
| 102|0x0000000713400000, 0x0000000713400000, 0x0000000713500000|  0%| F|  |TAMS 0x0000000713400000, 0x0000000713400000| Untracked 
| 103|0x0000000713500000, 0x0000000713500000, 0x0000000713600000|  0%| F|  |TAMS 0x0000000713500000, 0x0000000713500000| Untracked 
| 104|0x0000000713600000, 0x0000000713600000, 0x0000000713700000|  0%| F|  |TAMS 0x0000000713600000, 0x0000000713600000| Untracked 
| 105|0x0000000713700000, 0x0000000713700000, 0x0000000713800000|  0%| F|  |TAMS 0x0000000713700000, 0x0000000713700000| Untracked 
| 106|0x0000000713800000, 0x0000000713800000, 0x0000000713900000|  0%| F|  |TAMS 0x0000000713800000, 0x0000000713800000| Untracked 
| 107|0x0000000713900000, 0x0000000713900000, 0x0000000713a00000|  0%| F|  |TAMS 0x0000000713900000, 0x0000000713900000| Untracked 
| 108|0x0000000713a00000, 0x0000000713a00000, 0x0000000713b00000|  0%| F|  |TAMS 0x0000000713a00000, 0x0000000713a00000| Untracked 
| 109|0x0000000713b00000, 0x0000000713b00000, 0x0000000713c00000|  0%| F|  |TAMS 0x0000000713b00000, 0x0000000713b00000| Untracked 
| 110|0x0000000713c00000, 0x0000000713c00000, 0x0000000713d00000|  0%| F|  |TAMS 0x0000000713c00000, 0x0000000713c00000| Untracked 
| 111|0x0000000713d00000, 0x0000000713d00000, 0x0000000713e00000|  0%| F|  |TAMS 0x0000000713d00000, 0x0000000713d00000| Untracked 
| 112|0x0000000713e00000, 0x0000000713e00000, 0x0000000713f00000|  0%| F|  |TAMS 0x0000000713e00000, 0x0000000713e00000| Untracked 
| 113|0x0000000713f00000, 0x0000000713f00000, 0x0000000714000000|  0%| F|  |TAMS 0x0000000713f00000, 0x0000000713f00000| Untracked 
| 114|0x0000000714000000, 0x0000000714000000, 0x0000000714100000|  0%| F|  |TAMS 0x0000000714000000, 0x0000000714000000| Untracked 
| 115|0x0000000714100000, 0x0000000714100000, 0x0000000714200000|  0%| F|  |TAMS 0x0000000714100000, 0x0000000714100000| Untracked 
| 116|0x0000000714200000, 0x0000000714200000, 0x0000000714300000|  0%| F|  |TAMS 0x0000000714200000, 0x0000000714200000| Untracked 
| 117|0x0000000714300000, 0x0000000714300000, 0x0000000714400000|  0%| F|  |TAMS 0x0000000714300000, 0x0000000714300000| Untracked 
| 118|0x0000000714400000, 0x0000000714400000, 0x0000000714500000|  0%| F|  |TAMS 0x0000000714400000, 0x0000000714400000| Untracked 
| 119|0x0000000714500000, 0x0000000714500000, 0x0000000714600000|  0%| F|  |TAMS 0x0000000714500000, 0x0000000714500000| Untracked 
| 120|0x0000000714600000, 0x0000000714600000, 0x0000000714700000|  0%| F|  |TAMS 0x0000000714600000, 0x0000000714600000| Untracked 
| 121|0x0000000714700000, 0x0000000714700000, 0x0000000714800000|  0%| F|  |TAMS 0x0000000714700000, 0x0000000714700000| Untracked 
| 122|0x0000000714800000, 0x0000000714800000, 0x0000000714900000|  0%| F|  |TAMS 0x0000000714800000, 0x0000000714800000| Untracked 
| 123|0x0000000714900000, 0x0000000714900000, 0x0000000714a00000|  0%| F|  |TAMS 0x0000000714900000, 0x0000000714900000| Untracked 
| 124|0x0000000714a00000, 0x0000000714a00000, 0x0000000714b00000|  0%| F|  |TAMS 0x0000000714a00000, 0x0000000714a00000| Untracked 
| 125|0x0000000714b00000, 0x0000000714b00000, 0x0000000714c00000|  0%| F|  |TAMS 0x0000000714b00000, 0x0000000714b00000| Untracked 
| 126|0x0000000714c00000, 0x0000000714c00000, 0x0000000714d00000|  0%| F|  |TAMS 0x0000000714c00000, 0x0000000714c00000| Untracked 
| 127|0x0000000714d00000, 0x0000000714d00000, 0x0000000714e00000|  0%| F|  |TAMS 0x0000000714d00000, 0x0000000714d00000| Untracked 
| 128|0x0000000714e00000, 0x0000000714e00000, 0x0000000714f00000|  0%| F|  |TAMS 0x0000000714e00000, 0x0000000714e00000| Untracked 
| 129|0x0000000714f00000, 0x0000000714f00000, 0x0000000715000000|  0%| F|  |TAMS 0x0000000714f00000, 0x0000000714f00000| Untracked 
| 130|0x0000000715000000, 0x0000000715000000, 0x0000000715100000|  0%| F|  |TAMS 0x0000000715000000, 0x0000000715000000| Untracked 
| 131|0x0000000715100000, 0x0000000715100000, 0x0000000715200000|  0%| F|  |TAMS 0x0000000715100000, 0x0000000715100000| Untracked 
| 132|0x0000000715200000, 0x0000000715200000, 0x0000000715300000|  0%| F|  |TAMS 0x0000000715200000, 0x0000000715200000| Untracked 
| 133|0x0000000715300000, 0x0000000715300000, 0x0000000715400000|  0%| F|  |TAMS 0x0000000715300000, 0x0000000715300000| Untracked 
| 134|0x0000000715400000, 0x0000000715400000, 0x0000000715500000|  0%| F|  |TAMS 0x0000000715400000, 0x0000000715400000| Untracked 
| 135|0x0000000715500000, 0x0000000715500000, 0x0000000715600000|  0%| F|  |TAMS 0x0000000715500000, 0x0000000715500000| Untracked 
| 136|0x0000000715600000, 0x0000000715600000, 0x0000000715700000|  0%| F|  |TAMS 0x0000000715600000, 0x0000000715600000| Untracked 
| 137|0x0000000715700000, 0x0000000715700000, 0x0000000715800000|  0%| F|  |TAMS 0x0000000715700000, 0x0000000715700000| Untracked 
| 138|0x0000000715800000, 0x0000000715800000, 0x0000000715900000|  0%| F|  |TAMS 0x0000000715800000, 0x0000000715800000| Untracked 
| 139|0x0000000715900000, 0x0000000715900000, 0x0000000715a00000|  0%| F|  |TAMS 0x0000000715900000, 0x0000000715900000| Untracked 
| 140|0x0000000715a00000, 0x0000000715a00000, 0x0000000715b00000|  0%| F|  |TAMS 0x0000000715a00000, 0x0000000715a00000| Untracked 
| 141|0x0000000715b00000, 0x0000000715b00000, 0x0000000715c00000|  0%| F|  |TAMS 0x0000000715b00000, 0x0000000715b00000| Untracked 
| 142|0x0000000715c00000, 0x0000000715c00000, 0x0000000715d00000|  0%| F|  |TAMS 0x0000000715c00000, 0x0000000715c00000| Untracked 
| 143|0x0000000715d00000, 0x0000000715d00000, 0x0000000715e00000|  0%| F|  |TAMS 0x0000000715d00000, 0x0000000715d00000| Untracked 
| 144|0x0000000715e00000, 0x0000000715e00000, 0x0000000715f00000|  0%| F|  |TAMS 0x0000000715e00000, 0x0000000715e00000| Untracked 
| 145|0x0000000715f00000, 0x0000000715f00000, 0x0000000716000000|  0%| F|  |TAMS 0x0000000715f00000, 0x0000000715f00000| Untracked 
| 146|0x0000000716000000, 0x0000000716000000, 0x0000000716100000|  0%| F|  |TAMS 0x0000000716000000, 0x0000000716000000| Untracked 
| 147|0x0000000716100000, 0x0000000716100000, 0x0000000716200000|  0%| F|  |TAMS 0x0000000716100000, 0x0000000716100000| Untracked 
| 148|0x0000000716200000, 0x0000000716200000, 0x0000000716300000|  0%| F|  |TAMS 0x0000000716200000, 0x0000000716200000| Untracked 
| 149|0x0000000716300000, 0x0000000716300000, 0x0000000716400000|  0%| F|  |TAMS 0x0000000716300000, 0x0000000716300000| Untracked 
| 150|0x0000000716400000, 0x0000000716400000, 0x0000000716500000|  0%| F|  |TAMS 0x0000000716400000, 0x0000000716400000| Untracked 
| 151|0x0000000716500000, 0x0000000716500000, 0x0000000716600000|  0%| F|  |TAMS 0x0000000716500000, 0x0000000716500000| Untracked 
| 152|0x0000000716600000, 0x0000000716600000, 0x0000000716700000|  0%| F|  |TAMS 0x0000000716600000, 0x0000000716600000| Untracked 
| 153|0x0000000716700000, 0x0000000716700000, 0x0000000716800000|  0%| F|  |TAMS 0x0000000716700000, 0x0000000716700000| Untracked 
| 154|0x0000000716800000, 0x0000000716800000, 0x0000000716900000|  0%| F|  |TAMS 0x0000000716800000, 0x0000000716800000| Untracked 
| 155|0x0000000716900000, 0x0000000716900000, 0x0000000716a00000|  0%| F|  |TAMS 0x0000000716900000, 0x0000000716900000| Untracked 
| 156|0x0000000716a00000, 0x0000000716a00000, 0x0000000716b00000|  0%| F|  |TAMS 0x0000000716a00000, 0x0000000716a00000| Untracked 
| 157|0x0000000716b00000, 0x0000000716b00000, 0x0000000716c00000|  0%| F|  |TAMS 0x0000000716b00000, 0x0000000716b00000| Untracked 
| 158|0x0000000716c00000, 0x0000000716c00000, 0x0000000716d00000|  0%| F|  |TAMS 0x0000000716c00000, 0x0000000716c00000| Untracked 
| 159|0x0000000716d00000, 0x0000000716d00000, 0x0000000716e00000|  0%| F|  |TAMS 0x0000000716d00000, 0x0000000716d00000| Untracked 
| 160|0x0000000716e00000, 0x0000000716e00000, 0x0000000716f00000|  0%| F|  |TAMS 0x0000000716e00000, 0x0000000716e00000| Untracked 
| 161|0x0000000716f00000, 0x0000000716f00000, 0x0000000717000000|  0%| F|  |TAMS 0x0000000716f00000, 0x0000000716f00000| Untracked 
| 162|0x0000000717000000, 0x0000000717000000, 0x0000000717100000|  0%| F|  |TAMS 0x0000000717000000, 0x0000000717000000| Untracked 
| 163|0x0000000717100000, 0x0000000717100000, 0x0000000717200000|  0%| F|  |TAMS 0x0000000717100000, 0x0000000717100000| Untracked 
| 164|0x0000000717200000, 0x0000000717200000, 0x0000000717300000|  0%| F|  |TAMS 0x0000000717200000, 0x0000000717200000| Untracked 
| 165|0x0000000717300000, 0x0000000717300000, 0x0000000717400000|  0%| F|  |TAMS 0x0000000717300000, 0x0000000717300000| Untracked 
| 166|0x0000000717400000, 0x0000000717400000, 0x0000000717500000|  0%| F|  |TAMS 0x0000000717400000, 0x0000000717400000| Untracked 
| 167|0x0000000717500000, 0x0000000717500000, 0x0000000717600000|  0%| F|  |TAMS 0x0000000717500000, 0x0000000717500000| Untracked 
| 168|0x0000000717600000, 0x0000000717600000, 0x0000000717700000|  0%| F|  |TAMS 0x0000000717600000, 0x0000000717600000| Untracked 
| 169|0x0000000717700000, 0x0000000717700000, 0x0000000717800000|  0%| F|  |TAMS 0x0000000717700000, 0x0000000717700000| Untracked 
| 170|0x0000000717800000, 0x0000000717800000, 0x0000000717900000|  0%| F|  |TAMS 0x0000000717800000, 0x0000000717800000| Untracked 
| 171|0x0000000717900000, 0x0000000717900000, 0x0000000717a00000|  0%| F|  |TAMS 0x0000000717900000, 0x0000000717900000| Untracked 
| 172|0x0000000717a00000, 0x0000000717a00000, 0x0000000717b00000|  0%| F|  |TAMS 0x0000000717a00000, 0x0000000717a00000| Untracked 
| 173|0x0000000717b00000, 0x0000000717b00000, 0x0000000717c00000|  0%| F|  |TAMS 0x0000000717b00000, 0x0000000717b00000| Untracked 
| 174|0x0000000717c00000, 0x0000000717c00000, 0x0000000717d00000|  0%| F|  |TAMS 0x0000000717c00000, 0x0000000717c00000| Untracked 
| 175|0x0000000717d00000, 0x0000000717d00000, 0x0000000717e00000|  0%| F|  |TAMS 0x0000000717d00000, 0x0000000717d00000| Untracked 
| 176|0x0000000717e00000, 0x0000000717e00000, 0x0000000717f00000|  0%| F|  |TAMS 0x0000000717e00000, 0x0000000717e00000| Untracked 
| 177|0x0000000717f00000, 0x0000000717f00000, 0x0000000718000000|  0%| F|  |TAMS 0x0000000717f00000, 0x0000000717f00000| Untracked 
| 178|0x0000000718000000, 0x0000000718000000, 0x0000000718100000|  0%| F|  |TAMS 0x0000000718000000, 0x0000000718000000| Untracked 
| 179|0x0000000718100000, 0x0000000718100000, 0x0000000718200000|  0%| F|  |TAMS 0x0000000718100000, 0x0000000718100000| Untracked 
| 180|0x0000000718200000, 0x0000000718200000, 0x0000000718300000|  0%| F|  |TAMS 0x0000000718200000, 0x0000000718200000| Untracked 
| 181|0x0000000718300000, 0x0000000718300000, 0x0000000718400000|  0%| F|  |TAMS 0x0000000718300000, 0x0000000718300000| Untracked 
| 182|0x0000000718400000, 0x0000000718400000, 0x0000000718500000|  0%| F|  |TAMS 0x0000000718400000, 0x0000000718400000| Untracked 
| 183|0x0000000718500000, 0x0000000718500000, 0x0000000718600000|  0%| F|  |TAMS 0x0000000718500000, 0x0000000718500000| Untracked 
| 184|0x0000000718600000, 0x0000000718600000, 0x0000000718700000|  0%| F|  |TAMS 0x0000000718600000, 0x0000000718600000| Untracked 
| 185|0x0000000718700000, 0x0000000718700000, 0x0000000718800000|  0%| F|  |TAMS 0x0000000718700000, 0x0000000718700000| Untracked 
| 186|0x0000000718800000, 0x0000000718800000, 0x0000000718900000|  0%| F|  |TAMS 0x0000000718800000, 0x0000000718800000| Untracked 
| 187|0x0000000718900000, 0x0000000718900000, 0x0000000718a00000|  0%| F|  |TAMS 0x0000000718900000, 0x0000000718900000| Untracked 
| 188|0x0000000718a00000, 0x0000000718a00000, 0x0000000718b00000|  0%| F|  |TAMS 0x0000000718a00000, 0x0000000718a00000| Untracked 
| 189|0x0000000718b00000, 0x0000000718b00000, 0x0000000718c00000|  0%| F|  |TAMS 0x0000000718b00000, 0x0000000718b00000| Untracked 
| 190|0x0000000718c00000, 0x0000000718c00000, 0x0000000718d00000|  0%| F|  |TAMS 0x0000000718c00000, 0x0000000718c00000| Untracked 
| 191|0x0000000718d00000, 0x0000000718d00000, 0x0000000718e00000|  0%| F|  |TAMS 0x0000000718d00000, 0x0000000718d00000| Untracked 
| 192|0x0000000718e00000, 0x0000000718e00000, 0x0000000718f00000|  0%| F|  |TAMS 0x0000000718e00000, 0x0000000718e00000| Untracked 
| 193|0x0000000718f00000, 0x0000000718f00000, 0x0000000719000000|  0%| F|  |TAMS 0x0000000718f00000, 0x0000000718f00000| Untracked 
| 194|0x0000000719000000, 0x0000000719000000, 0x0000000719100000|  0%| F|  |TAMS 0x0000000719000000, 0x0000000719000000| Untracked 
| 195|0x0000000719100000, 0x0000000719100000, 0x0000000719200000|  0%| F|  |TAMS 0x0000000719100000, 0x0000000719100000| Untracked 
| 196|0x0000000719200000, 0x0000000719200000, 0x0000000719300000|  0%| F|  |TAMS 0x0000000719200000, 0x0000000719200000| Untracked 
| 197|0x0000000719300000, 0x0000000719300000, 0x0000000719400000|  0%| F|  |TAMS 0x0000000719300000, 0x0000000719300000| Untracked 
| 198|0x0000000719400000, 0x0000000719400000, 0x0000000719500000|  0%| F|  |TAMS 0x0000000719400000, 0x0000000719400000| Untracked 
| 199|0x0000000719500000, 0x0000000719500000, 0x0000000719600000|  0%| F|  |TAMS 0x0000000719500000, 0x0000000719500000| Untracked 
| 200|0x0000000719600000, 0x0000000719600000, 0x0000000719700000|  0%| F|  |TAMS 0x0000000719600000, 0x0000000719600000| Untracked 
| 201|0x0000000719700000, 0x0000000719700000, 0x0000000719800000|  0%| F|  |TAMS 0x0000000719700000, 0x0000000719700000| Untracked 
| 202|0x0000000719800000, 0x0000000719800000, 0x0000000719900000|  0%| F|  |TAMS 0x0000000719800000, 0x0000000719800000| Untracked 
| 203|0x0000000719900000, 0x0000000719900000, 0x0000000719a00000|  0%| F|  |TAMS 0x0000000719900000, 0x0000000719900000| Untracked 
| 204|0x0000000719a00000, 0x0000000719a00000, 0x0000000719b00000|  0%| F|  |TAMS 0x0000000719a00000, 0x0000000719a00000| Untracked 
| 205|0x0000000719b00000, 0x0000000719b00000, 0x0000000719c00000|  0%| F|  |TAMS 0x0000000719b00000, 0x0000000719b00000| Untracked 
| 206|0x0000000719c00000, 0x0000000719c00000, 0x0000000719d00000|  0%| F|  |TAMS 0x0000000719c00000, 0x0000000719c00000| Untracked 
| 207|0x0000000719d00000, 0x0000000719d00000, 0x0000000719e00000|  0%| F|  |TAMS 0x0000000719d00000, 0x0000000719d00000| Untracked 
| 208|0x0000000719e00000, 0x0000000719e00000, 0x0000000719f00000|  0%| F|  |TAMS 0x0000000719e00000, 0x0000000719e00000| Untracked 
| 209|0x0000000719f00000, 0x0000000719f00000, 0x000000071a000000|  0%| F|  |TAMS 0x0000000719f00000, 0x0000000719f00000| Untracked 
| 210|0x000000071a000000, 0x000000071a000000, 0x000000071a100000|  0%| F|  |TAMS 0x000000071a000000, 0x000000071a000000| Untracked 
| 211|0x000000071a100000, 0x000000071a100000, 0x000000071a200000|  0%| F|  |TAMS 0x000000071a100000, 0x000000071a100000| Untracked 
| 212|0x000000071a200000, 0x000000071a200000, 0x000000071a300000|  0%| F|  |TAMS 0x000000071a200000, 0x000000071a200000| Untracked 
| 213|0x000000071a300000, 0x000000071a300000, 0x000000071a400000|  0%| F|  |TAMS 0x000000071a300000, 0x000000071a300000| Untracked 
| 214|0x000000071a400000, 0x000000071a400000, 0x000000071a500000|  0%| F|  |TAMS 0x000000071a400000, 0x000000071a400000| Untracked 
| 215|0x000000071a500000, 0x000000071a500000, 0x000000071a600000|  0%| F|  |TAMS 0x000000071a500000, 0x000000071a500000| Untracked 
| 216|0x000000071a600000, 0x000000071a600000, 0x000000071a700000|  0%| F|  |TAMS 0x000000071a600000, 0x000000071a600000| Untracked 
| 217|0x000000071a700000, 0x000000071a700000, 0x000000071a800000|  0%| F|  |TAMS 0x000000071a700000, 0x000000071a700000| Untracked 
| 218|0x000000071a800000, 0x000000071a800000, 0x000000071a900000|  0%| F|  |TAMS 0x000000071a800000, 0x000000071a800000| Untracked 
| 219|0x000000071a900000, 0x000000071a900000, 0x000000071aa00000|  0%| F|  |TAMS 0x000000071a900000, 0x000000071a900000| Untracked 
| 220|0x000000071aa00000, 0x000000071aa00000, 0x000000071ab00000|  0%| F|  |TAMS 0x000000071aa00000, 0x000000071aa00000| Untracked 
| 221|0x000000071ab00000, 0x000000071ab00000, 0x000000071ac00000|  0%| F|  |TAMS 0x000000071ab00000, 0x000000071ab00000| Untracked 
| 222|0x000000071ac00000, 0x000000071ac00000, 0x000000071ad00000|  0%| F|  |TAMS 0x000000071ac00000, 0x000000071ac00000| Untracked 
| 223|0x000000071ad00000, 0x000000071ad00000, 0x000000071ae00000|  0%| F|  |TAMS 0x000000071ad00000, 0x000000071ad00000| Untracked 
| 224|0x000000071ae00000, 0x000000071ae00000, 0x000000071af00000|  0%| F|  |TAMS 0x000000071ae00000, 0x000000071ae00000| Untracked 
| 225|0x000000071af00000, 0x000000071af00000, 0x000000071b000000|  0%| F|  |TAMS 0x000000071af00000, 0x000000071af00000| Untracked 
| 226|0x000000071b000000, 0x000000071b000000, 0x000000071b100000|  0%| F|  |TAMS 0x000000071b000000, 0x000000071b000000| Untracked 
| 227|0x000000071b100000, 0x000000071b100000, 0x000000071b200000|  0%| F|  |TAMS 0x000000071b100000, 0x000000071b100000| Untracked 
| 228|0x000000071b200000, 0x000000071b200000, 0x000000071b300000|  0%| F|  |TAMS 0x000000071b200000, 0x000000071b200000| Untracked 
| 229|0x000000071b300000, 0x000000071b300000, 0x000000071b400000|  0%| F|  |TAMS 0x000000071b300000, 0x000000071b300000| Untracked 
| 230|0x000000071b400000, 0x000000071b400000, 0x000000071b500000|  0%| F|  |TAMS 0x000000071b400000, 0x000000071b400000| Untracked 
| 231|0x000000071b500000, 0x000000071b500000, 0x000000071b600000|  0%| F|  |TAMS 0x000000071b500000, 0x000000071b500000| Untracked 
| 232|0x000000071b600000, 0x000000071b600000, 0x000000071b700000|  0%| F|  |TAMS 0x000000071b600000, 0x000000071b600000| Untracked 
| 233|0x000000071b700000, 0x000000071b700000, 0x000000071b800000|  0%| F|  |TAMS 0x000000071b700000, 0x000000071b700000| Untracked 
| 234|0x000000071b800000, 0x000000071b800000, 0x000000071b900000|  0%| F|  |TAMS 0x000000071b800000, 0x000000071b800000| Untracked 
| 235|0x000000071b900000, 0x000000071b900000, 0x000000071ba00000|  0%| F|  |TAMS 0x000000071b900000, 0x000000071b900000| Untracked 
| 236|0x000000071ba00000, 0x000000071ba00000, 0x000000071bb00000|  0%| F|  |TAMS 0x000000071ba00000, 0x000000071ba00000| Untracked 
| 237|0x000000071bb00000, 0x000000071bb00000, 0x000000071bc00000|  0%| F|  |TAMS 0x000000071bb00000, 0x000000071bb00000| Untracked 
| 238|0x000000071bc00000, 0x000000071bc00000, 0x000000071bd00000|  0%| F|  |TAMS 0x000000071bc00000, 0x000000071bc00000| Untracked 
| 239|0x000000071bd00000, 0x000000071bd00000, 0x000000071be00000|  0%| F|  |TAMS 0x000000071bd00000, 0x000000071bd00000| Untracked 
| 240|0x000000071be00000, 0x000000071bf00000, 0x000000071bf00000|100%| E|  |TAMS 0x000000071be00000, 0x000000071be00000| Complete 
| 241|0x000000071bf00000, 0x000000071bfffa20, 0x000000071c000000| 99%| E|  |TAMS 0x000000071bf00000, 0x000000071bf00000| Complete 
| 242|0x000000071c000000, 0x000000071c100000, 0x000000071c100000|100%| E|CS|TAMS 0x000000071c000000, 0x000000071c000000| Complete 
| 243|0x000000071c100000, 0x000000071c200000, 0x000000071c200000|100%| E|CS|TAMS 0x000000071c100000, 0x000000071c100000| Complete 

Card table byte_map: [0x000002a2b5610000,0x000002a2b5db0000] _byte_map_base: 0x000002a2b1da9000

Marking Bits (Prev, Next): (CMBitMap*) 0x000002a29cece7e8, (CMBitMap*) 0x000002a29cece820
 Prev Bits: [0x000002a2b6550000, 0x000002a2ba218000)
 Next Bits: [0x000002a2ba220000, 0x000002a2bdee8000)

Polling page: 0x000002a29ae30000

Metaspace:

Usage:
  Non-class:      5.29 MB capacity,     5.26 MB (>99%) used,    24.59 KB ( <1%) free+waste,     2.88 KB ( <1%) overhead. 
      Class:    534.00 KB capacity,   507.63 KB ( 95%) used,    24.93 KB (  5%) free+waste,     1.44 KB ( <1%) overhead. 
       Both:      5.81 MB capacity,     5.76 MB (>99%) used,    49.52 KB ( <1%) free+waste,     4.31 KB ( <1%) overhead. 

Virtual space:
  Non-class space:        8.00 MB reserved,       5.50 MB ( 69%) committed 
      Class space:        1.00 GB reserved,     640.00 KB ( <1%) committed 
             Both:        1.01 GB reserved,       6.12 MB ( <1%) committed 

Chunk freelists:
   Non-Class:  27.00 KB
       Class:  10.00 KB
        Both:  37.00 KB

MaxMetaspaceSize: 17179869184.00 GB
CompressedClassSpaceSize: 1.00 GB
Initial GC threshold: 20.80 MB
Current GC threshold: 20.80 MB
CDS: off

CodeHeap 'non-profiled nmethods': size=233856Kb used=300Kb max_used=300Kb free=233556Kb
 bounds [0x000002a2a6190000, 0x000002a2a6400000, 0x000002a2b45f0000]
CodeHeap 'non-nmethods': size=11904Kb used=1092Kb max_used=1092Kb free=10811Kb
 bounds [0x000002a2a55f0000, 0x000002a2a5860000, 0x000002a2a6190000]
 total_blobs=590 nmethods=268 adapters=250
 compilation: enabled
              stopped_count=0, restarted_count=0
 full_count=0

Compilation events (20 events):
Event: 0.242 Thread 0x000002a2c195f000  259       1       java.lang.Number::<init> (5 bytes)
Event: 0.242 Thread 0x000002a2c195f000 nmethod 259 0x000002a2a61d8390 code [0x000002a2a61d8540, 0x000002a2a61d85f8]
Event: 0.242 Thread 0x000002a2c195f000  260       1       java.lang.Integer::<init> (10 bytes)
Event: 0.242 Thread 0x000002a2c195f000 nmethod 260 0x000002a2a61d8690 code [0x000002a2a61d8840, 0x000002a2a61d88f8]
Event: 0.242 Thread 0x000002a2c195f000  261       1       java.util.ArrayList::get (15 bytes)
Event: 0.242 Thread 0x000002a2c195f000 nmethod 261 0x000002a2a61d8990 code [0x000002a2a61d8b80, 0x000002a2a61d8f88]
Event: 0.242 Thread 0x000002a2c195f000  262       1       java.util.Objects::checkIndex (7 bytes)
Event: 0.242 Thread 0x000002a2c195f000 nmethod 262 0x000002a2a61d9190 code [0x000002a2a61d9380, 0x000002a2a61d9728]
Event: 0.242 Thread 0x000002a2c195f000  263       1       jdk.internal.util.Preconditions::checkIndex (18 bytes)
Event: 0.243 Thread 0x000002a2c195f000 nmethod 263 0x000002a2a61d9910 code [0x000002a2a61d9b00, 0x000002a2a61d9ea8]
Event: 0.243 Thread 0x000002a2c195f000  264       1       java.util.ArrayList::elementData (7 bytes)
Event: 0.243 Thread 0x000002a2c195f000 nmethod 264 0x000002a2a61da090 code [0x000002a2a61da240, 0x000002a2a61da338]
Event: 0.243 Thread 0x000002a2c195f000  265       1       java.util.Collections$UnmodifiableCollection$1::next (10 bytes)
Event: 0.243 Thread 0x000002a2c195f000 nmethod 265 0x000002a2a61da410 code [0x000002a2a61da5c0, 0x000002a2a61da6a8]
Event: 0.243 Thread 0x000002a2c195f000  266       1       java.lang.String::isEmpty (14 bytes)
Event: 0.243 Thread 0x000002a2c195f000 nmethod 266 0x000002a2a61da710 code [0x000002a2a61da8c0, 0x000002a2a61da998]
Event: 0.243 Thread 0x000002a2c195f000  267       1       java.nio.Buffer::position (5 bytes)
Event: 0.243 Thread 0x000002a2c195f000 nmethod 267 0x000002a2a61daa10 code [0x000002a2a61dabc0, 0x000002a2a61dac78]
Event: 0.243 Thread 0x000002a2c195f000  268       1       java.nio.Buffer::limit (5 bytes)
Event: 0.243 Thread 0x000002a2c195f000 nmethod 268 0x000002a2a61dad10 code [0x000002a2a61daec0, 0x000002a2a61daf78]

GC Heap History (0 events):
No events

Deoptimization events (0 events):
No events

Classes redefined (0 events):
No events

Internal exceptions (3 events):
Event: 0.242 Thread 0x000002a29ce6a000 Exception <a 'java/lang/OutOfMemoryError'{0x000000071bed6940}> (0x000000071bed6940) thrown at [s\src\hotspot\share\prims\jni.cpp, line 638]
Event: 0.242 Thread 0x000002a29ce6a000 Exception <a 'java/lang/OutOfMemoryError'{0x000000071bed6940}> (0x000000071bed6940) thrown at [s\src\hotspot\share\prims\jvm.cpp, line 1310]
Event: 0.242 Thread 0x000002a29ce6a000 Exception <a 'java/lang/OutOfMemoryError'{0x000000071bed6940}> (0x000000071bed6940) thrown at [s\src\hotspot\share\prims\jvm.cpp, line 1310]

Events (20 events):
Event: 0.238 loading class java/util/LinkedList
Event: 0.238 loading class java/util/AbstractSequentialList
Event: 0.238 loading class java/util/AbstractSequentialList done
Event: 0.238 loading class java/util/LinkedList done
Event: 0.238 loading class java/util/LinkedList$Node
Event: 0.238 loading class java/util/LinkedList$Node done
Event: 0.242 loading class java/util/zip/DataFormatException
Event: 0.242 loading class java/util/zip/DataFormatException done
Event: 0.242 loading class java/io/IOException
Event: 0.242 loading class java/io/IOException done
Event: 0.242 loading class java/security/PrivilegedActionException
Event: 0.242 loading class java/security/PrivilegedActionException done
Event: 0.242 loading class java/lang/SecurityException
Event: 0.242 loading class java/lang/SecurityException done
Event: 0.242 loading class java/lang/Throwable$WrappedPrintStream
Event: 0.243 loading class java/lang/Throwable$PrintStreamOrWriter
Event: 0.243 loading class java/lang/Throwable$PrintStreamOrWriter done
Event: 0.243 loading class java/lang/Throwable$WrappedPrintStream done
Event: 0.243 loading class java/lang/StackTraceElement$HashedModules
Event: 0.243 loading class java/lang/StackTraceElement$HashedModules done


Dynamic libraries:
0x00007ff6c2a90000 - 0x00007ff6c2a9e000 	C:\Users\10974\.jdks\corretto-11.0.25\bin\java.exe
0x00007ffd2fa90000 - 0x00007ffd2fca7000 	C:\Windows\SYSTEM32\ntdll.dll
0x00007ffd2ed80000 - 0x00007ffd2ee44000 	C:\Windows\System32\KERNEL32.DLL
0x00007ffd2cf80000 - 0x00007ffd2d339000 	C:\Windows\System32\KERNELBASE.dll
0x00007ffd2d620000 - 0x00007ffd2d731000 	C:\Windows\System32\ucrtbase.dll
0x00007ffd1ed20000 - 0x00007ffd1ed37000 	C:\Users\10974\.jdks\corretto-11.0.25\bin\jli.dll
0x00007ffd18f00000 - 0x00007ffd18f1b000 	C:\Users\10974\.jdks\corretto-11.0.25\bin\VCRUNTIME140.dll
0x00007ffd2dd90000 - 0x00007ffd2df3e000 	C:\Windows\System32\USER32.dll
0x00007ffd2d5f0000 - 0x00007ffd2d616000 	C:\Windows\System32\win32u.dll
0x00007ffd2d8e0000 - 0x00007ffd2d909000 	C:\Windows\System32\GDI32.dll
0x00007ffd2ce60000 - 0x00007ffd2cf7b000 	C:\Windows\System32\gdi32full.dll
0x00007ffd2cd90000 - 0x00007ffd2ce2a000 	C:\Windows\System32\msvcp_win.dll
0x00007ffd0da40000 - 0x00007ffd0dcd2000 	C:\Windows\WinSxS\amd64_microsoft.windows.common-controls_6595b64144ccf1df_6.0.22621.4391_none_2715d37f73803e96\COMCTL32.dll
0x00007ffd2ec70000 - 0x00007ffd2ed17000 	C:\Windows\System32\msvcrt.dll
0x00007ffd2f9a0000 - 0x00007ffd2f9d1000 	C:\Windows\System32\IMM32.DLL
0x00007ffd27a90000 - 0x00007ffd27a9c000 	C:\Users\10974\.jdks\corretto-11.0.25\bin\vcruntime140_1.dll
0x00007ffcfb330000 - 0x00007ffcfb3bd000 	C:\Users\10974\.jdks\corretto-11.0.25\bin\msvcp140.dll
0x00007ffca8fa0000 - 0x00007ffca9b65000 	C:\Users\10974\.jdks\corretto-11.0.25\bin\server\jvm.dll
0x00007ffd2df40000 - 0x00007ffd2dff2000 	C:\Windows\System32\ADVAPI32.dll
0x00007ffd2ee50000 - 0x00007ffd2eef7000 	C:\Windows\System32\sechost.dll
0x00007ffd2ce30000 - 0x00007ffd2ce58000 	C:\Windows\System32\bcrypt.dll
0x00007ffd2ef00000 - 0x00007ffd2f014000 	C:\Windows\System32\RPCRT4.dll
0x00007ffd2e000000 - 0x00007ffd2e071000 	C:\Windows\System32\WS2_32.dll
0x00007ffd2f9e0000 - 0x00007ffd2f9e8000 	C:\Windows\System32\PSAPI.DLL
0x00007ffd275b0000 - 0x00007ffd275e4000 	C:\Windows\SYSTEM32\WINMM.dll
0x00007ffd25380000 - 0x00007ffd2538a000 	C:\Windows\SYSTEM32\VERSION.dll
0x00007ffd2bec0000 - 0x00007ffd2bed8000 	C:\Windows\SYSTEM32\kernel.appcore.dll
0x00007ffd27790000 - 0x00007ffd277a0000 	C:\Users\10974\.jdks\corretto-11.0.25\bin\verify.dll
0x00007ffd2a940000 - 0x00007ffd2ab72000 	C:\Windows\SYSTEM32\DBGHELP.DLL
0x00007ffd2f050000 - 0x00007ffd2f3df000 	C:\Windows\System32\combase.dll
0x00007ffd2f8c0000 - 0x00007ffd2f997000 	C:\Windows\System32\OLEAUT32.dll
0x00007ffd21d50000 - 0x00007ffd21d82000 	C:\Windows\SYSTEM32\dbgcore.DLL
0x00007ffd2d340000 - 0x00007ffd2d3bb000 	C:\Windows\System32\bcryptPrimitives.dll
0x00007ffd10140000 - 0x00007ffd10168000 	C:\Users\10974\.jdks\corretto-11.0.25\bin\java.dll
0x00007ffd27770000 - 0x00007ffd2777a000 	C:\Users\10974\.jdks\corretto-11.0.25\bin\jimage.dll
0x00007ffd21970000 - 0x00007ffd2197e000 	C:\Users\10974\.jdks\corretto-11.0.25\bin\instrument.dll
0x00007ffd0dd10000 - 0x00007ffd0dd28000 	C:\Users\10974\.jdks\corretto-11.0.25\bin\zip.dll
0x00007ffd2e230000 - 0x00007ffd2eaa6000 	C:\Windows\System32\SHELL32.dll
0x00007ffd2ace0000 - 0x00007ffd2b5e3000 	C:\Windows\SYSTEM32\windows.storage.dll
0x00007ffd2aba0000 - 0x00007ffd2acdf000 	C:\Windows\SYSTEM32\wintypes.dll
0x00007ffd2e090000 - 0x00007ffd2e189000 	C:\Windows\System32\SHCORE.dll
0x00007ffd2f9f0000 - 0x00007ffd2fa4e000 	C:\Windows\System32\shlwapi.dll
0x00007ffd2ccc0000 - 0x00007ffd2cceb000 	C:\Windows\SYSTEM32\profapi.dll
0x00007ffd0d070000 - 0x00007ffd0d089000 	C:\Users\10974\.jdks\corretto-11.0.25\bin\net.dll
0x00007ffd28990000 - 0x00007ffd28ac6000 	C:\Windows\SYSTEM32\WINHTTP.dll
0x00007ffd2c340000 - 0x00007ffd2c3a9000 	C:\Windows\system32\mswsock.dll
0x00007ffd0ce20000 - 0x00007ffd0ce32000 	C:\Users\10974\.jdks\corretto-11.0.25\bin\nio.dll

dbghelp: loaded successfully - version: 4.0.5 - missing functions: none
symbol engine: initialized successfully - sym options: 0x614 - pdb path: .;C:\Users\10974\.jdks\corretto-11.0.25\bin;C:\Windows\SYSTEM32;C:\Windows\WinSxS\amd64_microsoft.windows.common-controls_6595b64144ccf1df_6.0.22621.4391_none_2715d37f73803e96;C:\Users\10974\.jdks\corretto-11.0.25\bin\server

VM Arguments:
jvm_args: -XX:TieredStopAtLevel=1 -Xverify:none -Dspring.profiles.active=local -Dspring.output.ansi.enabled=always -Dcom.sun.management.jmxremote -Dspring.jmx.enabled=true -Dspring.liveBeansView.mbeanDomain -Dspring.application.admin.enabled=true -Dmanagement.endpoints.jmx.exposure.include=* -javaagent:D:\Idea\IntelliJ IDEA 2024.1.6\lib\idea_rt.jar=56086:D:\Idea\IntelliJ IDEA 2024.1.6\bin -Dfile.encoding=UTF-8 
java_command: com.hmall.item.ItemApplication
java_class_path (initial): D:\JavaCourse\JavaSpringCloud\day03-1\hmall\item-service\target\classes;D:\JavaCourse\JavaSpringCloud\day03-1\hmall\hm-common\target\classes;D:\Develop\apache-maven-3.6.1\mvn_repo\org\apache\commons\commons-pool2\2.11.1\commons-pool2-2.11.1.jar;D:\Develop\apache-maven-3.6.1\mvn_repo\cn\hutool\hutool-all\5.8.11\hutool-all-5.8.11.jar;D:\Develop\apache-maven-3.6.1\mvn_repo\org\springframework\boot\spring-boot-starter-logging\2.7.12\spring-boot-starter-logging-2.7.12.jar;D:\Develop\apache-maven-3.6.1\mvn_repo\ch\qos\logback\logback-classic\1.2.12\logback-classic-1.2.12.jar;D:\Develop\apache-maven-3.6.1\mvn_repo\ch\qos\logback\logback-core\1.2.12\logback-core-1.2.12.jar;D:\Develop\apache-maven-3.6.1\mvn_repo\org\apache\logging\log4j\log4j-to-slf4j\2.17.2\log4j-to-slf4j-2.17.2.jar;D:\Develop\apache-maven-3.6.1\mvn_repo\org\apache\logging\log4j\log4j-api\2.17.2\log4j-api-2.17.2.jar;D:\Develop\apache-maven-3.6.1\mvn_repo\org\slf4j\jul-to-slf4j\1.7.36\jul-to-slf4j-1.7.36.jar;D:\Develop\apache-maven-3.6.1\mvn_repo\org\hibernate\validator\hibernate-validator\6.2.5.Final\hibernate-validator-6.2.5.Final.jar;D:\Develop\apache-maven-3.6.1\mvn_repo\jakarta\validation\jakarta.validation-api\2.0.2\jakarta.validation-api-2.0.2.jar;D:\Develop\apache-maven-3.6.1\mvn_repo\org\jboss\logging\jboss-logging\3.4.3.Final\jboss-logging-3.4.3.Final.jar;D:\Develop\apache-maven-3.6.1\mvn_repo\com\fasterxml\classmate\1.5.1\classmate-1.5.1.jar;D:\Develop\apache-maven-3.6.1\mvn_repo\org\springframework\boot\spring-boot-autoconfigure\2.7.12\spring-boot-autoconfigure-2.7.12.jar;D:\Develop\apache-maven-3.6.1\mvn_repo\org\springframework\boot\spring-boot\2.7.12\spring-boot-2.7.12.jar;D:\Develop\apache-maven-3.6.1\mvn_repo\com\github\xiaoymin\knife4j-openapi2-spring-boot-starter\4.1.0\knife4j-openapi2-spring-boot-starter-4.1.0.jar;D:\Develop\apache-maven-3.6.1\mvn_repo\com\github\xiaoymin\knife4j-core\4.1.0\knife4j-core-4.1.0.jar;D:\Develop\apache-maven-3.6.1\mvn_r
Launcher Type: SUN_STANDARD

[Global flags]
     bool BytecodeVerificationLocal                = false                                     {product} {command line}
     bool BytecodeVerificationRemote               = false                                     {product} {command line}
     intx CICompilerCount                          = 12                                        {product} {ergonomic}
     uint ConcGCThreads                            = 3                                         {product} {ergonomic}
     uint G1ConcRefinementThreads                  = 13                                        {product} {ergonomic}
   size_t G1HeapRegionSize                         = 1048576                                   {product} {ergonomic}
    uintx GCDrainStackTargetSize                   = 64                                        {product} {ergonomic}
   size_t InitialHeapSize                          = 255852544                                 {product} {ergonomic}
     bool ManagementServer                         = true                                      {product} {command line}
   size_t MarkStackSize                            = 4194304                                   {product} {ergonomic}
   size_t MaxHeapSize                              = 4078960640                                {product} {ergonomic}
   size_t MaxNewSize                               = 2447376384                                {product} {ergonomic}
   size_t MinHeapDeltaBytes                        = 1048576                                   {product} {ergonomic}
    uintx NonNMethodCodeHeapSize                   = 12163472                               {pd product} {ergonomic}
    uintx NonProfiledCodeHeapSize                  = 239494768                              {pd product} {ergonomic}
    uintx ProfiledCodeHeapSize                     = 0                                      {pd product} {ergonomic}
    uintx ReservedCodeCacheSize                    = 251658240                              {pd product} {ergonomic}
     bool SegmentedCodeCache                       = true                                      {product} {ergonomic}
     intx TieredStopAtLevel                        = 1                                         {product} {command line}
     bool UseCompressedClassPointers               = true                                 {lp64_product} {ergonomic}
     bool UseCompressedOops                        = true                                 {lp64_product} {ergonomic}
     bool UseG1GC                                  = true                                      {product} {ergonomic}
     bool UseLargePagesIndividualAllocation        = false                                  {pd product} {ergonomic}

Logging:
Log output configuration:
 #0: stdout all=warning uptime,level,tags
 #1: stderr all=off uptime,level,tags

Environment Variables:
JAVA_HOME=C:\Program Files\Microsoft\jdk-17.0.10.7-hotspot\
CLASSPATH=.;C:\Program Files\Microsoft\jdk-17.0.10.7-hotspot\\lib\dt.jar;C:\Program Files\Microsoft\jdk-17.0.10.7-hotspot\\lib\tools.jar;D:\Eclipse\randoop-4.3.3\randoop-4.3.3\randoop-4.3.3.jar
PATH=D:\Linux\bin\;D:\CUDA\bin;D:\CUDA\libnvvp;C:\Program Files\Microsoft\jdk-17.0.10.7-hotspot\bin;C:\Program Files (x86)\Common Files\Oracle\Java\javapath;C:\Windows\system32;C:\Windows;C:\Windows\System32\Wbem;C:\Windows\System32\WindowsPowerShell\v1.0\;C:\Windows\System32\OpenSSH\;C:\Program Files (x86)\NVIDIA Corporation\PhysX\Common;C:\Program Files\NVIDIA Corporation\NVIDIA NvDLISR;C:\Program Files\dotnet\;C:\Program Files\Bandizip\;C:\ProgramData\Anaconda3;C:\ProgramData\Anaconda3\Scripts;C:\ProgramData\Anaconda3\Library\bin;C:\ProgramData\Anaconda3\Library\usr\bin;C:\ProgramData\Anaconda3\Library\mingw-w64\bin;";C:\Windows\system32;C:\Windows;C:\Windows\System32\Wbem;C:\Windows\SysWOW64";C:\Program Files\NVIDIA Corporation\Nsight Compute 2022.3.0\;D:\CUDA\lib;D:\CUDA\include;D:\Develop\notepad++;C:\Program Files\Git\cmd;D:\Develop\mysql\mysql-8.0.31-winx64\bin;D:\Develop\web\dll;D:\Develop\fnm\fnm-windows;D:\Develop\nodejs\;D:\CUDA\bin;D:\CUDA\libnvvp;C:\Program Files\Microsoft\jdk-17.0.10.7-hotspot\bin;C:\Program Files (x86)\Common Files\Oracle\Java\javapath;C:\Windows\system32;C:\Windows;C:\Windows\System32\Wbem;C:\Windows\System32\WindowsPowerShell\v1.0\;C:\Windows\System32\OpenSSH\;C:\Program Files (x86)\NVIDIA Corporation\PhysX\Common;C:\Program Files\NVIDIA Corporation\NVIDIA NvDLISR;C:\Program Files\dotnet\;C:\Program Files\Bandizip\;C:\ProgramData\Anaconda3;C:\ProgramData\Anaconda3\Scripts;C:\ProgramData\Anaconda3\Library\bin;C:\ProgramData\Anaconda3\Library\usr\bin;C:\ProgramData\Anaconda3\Library\mingw-w64\bin;C:\Windows\system32;C:\Windows;C:\Windows\System32\Wbem;C:\Windows\SysWOW64;C:\Program Files\NVIDIA Corporation\Nsight Compute 2022.3.0\;D:\CUDA\lib;D:\CUDA\include;C:\Users\10974\AppData\Local\Microsoft\WindowsApps;D:\Idea\IntelliJ IDEA Community Edition 2023.3.3\bin;D:\PyCharm Community Edition 2023.3.4\bin;C:\ProgramData\Anaconda3\Scripts;D:\Develop\apache-maven-3.6.1\bin;;D:\Idea\IntelliJ IDEA 2024.1.6\bin;;D:\Develop\cpolar\;
USERNAME=10974
OS=Windows_NT
PROCESSOR_IDENTIFIER=AMD64 Family 25 Model 116 Stepping 1, AuthenticAMD
TMP=C:\Users\10974\AppData\Local\Temp
TEMP=C:\Users\10974\AppData\Local\Temp



---------------  S Y S T E M  ---------------

OS: Windows 11 , 64 bit Build 22621 (10.0.22621.4391)
OS uptime: 7 days 13:20 hours

CPU:total 16 (initial active 16) (16 cores per cpu, 2 threads per core) family 25 model 116 stepping 1 microcode 0x0, cmov, cx8, fxsr, mmx, sse, sse2, sse3, ssse3, sse4.1, sse4.2, popcnt, avx, avx2, aes, clmul, erms, mmxext, 3dnowpref, lzcnt, sse4a, ht, tsc, tscinvbit, tscinv, bmi1, bmi2, adx, evex, sha, fma

Memory: 4k page, system-wide physical 15556M (497M free)
TotalPageFile size 41156M (AvailPageFile size 0M)
current process WorkingSet (physical memory assigned to process): 42M, peak: 42M
current process commit charge ("private bytes"): 335M, peak: 335M

vm_info: OpenJDK 64-Bit Server VM (11.0.25+9-LTS) for windows-amd64 JRE (11.0.25+9-LTS), built on Oct 10 2024 00:01:59 by "Administrator" with MS VC++ 16.10 / 16.11 (VS2019)

END.
