00:03:42:799 ERROR 25568 --- [com.alibaba.nacos.client.naming.updater.2] com.alibaba.nacos.common.remote.client   : Send request fail, request = ServiceQueryRequest{headers={}, requestId='null'}, retryTimes = 0, errorMessage = java.util.concurrent.TimeoutException: Waited 3000 milliseconds (plus 228700 nanoseconds delay) for com.alibaba.nacos.shaded.io.grpc.stub.ClientCalls$GrpcFuture@57fc6b96[status=PENDING, info=[GrpcFuture{clientCall={delegate={delegate=ClientCallImpl{method=MethodDescriptor{fullMethodName=Request/request, type=UNARY, idempotent=false, safe=false, sampledToLocalTracing=true, requestMarshaller=com.alibaba.nacos.shaded.io.grpc.protobuf.lite.ProtoLiteUtils$MessageMarshaller@1a5da9be, responseMarshaller=com.alibaba.nacos.shaded.io.grpc.protobuf.lite.ProtoLiteUtils$MessageMarshaller@23e169cb, schemaDescriptor=com.alibaba.nacos.api.grpc.auto.RequestGrpc$RequestMethodDescriptorSupplier@3f9e0139}}}}}]]
00:03:43:486 ERROR 25568 --- [com.alibaba.nacos.client.naming.updater.1] com.alibaba.nacos.common.remote.client   : Send request fail, request = ServiceQueryRequest{headers={app=unknown}, requestId='null'}, retryTimes = 0, errorMessage = Client not connected, current status:UNHEALTHY
00:03:43:587 ERROR 25568 --- [com.alibaba.nacos.client.naming.updater.1] com.alibaba.nacos.common.remote.client   : Send request fail, request = ServiceQueryRequest{headers={app=unknown}, requestId='null'}, retryTimes = 1, errorMessage = Client not connected, current status:UNHEALTHY
00:03:43:688 ERROR 25568 --- [com.alibaba.nacos.client.naming.updater.1] com.alibaba.nacos.common.remote.client   : Send request fail, request = ServiceQueryRequest{headers={app=unknown}, requestId='null'}, retryTimes = 2, errorMessage = Client not connected, current status:UNHEALTHY
00:03:43:782  INFO 25568 --- [com.alibaba.nacos.client.remote.worker] com.alibaba.nacos.common.remote.client   : [82d5ec65-a072-4749-80c1-aafcba0cb56b] Server check success, currentServer is 192.168.88.130:8848 
00:03:44:773  INFO 25568 --- [nacos-grpc-client-executor-4632] com.alibaba.nacos.common.remote.client   : [82d5ec65-a072-4749-80c1-aafcba0cb56b] Receive server push request, request = NotifySubscriberRequest, requestId = 27
00:03:44:773  INFO 25568 --- [nacos-grpc-client-executor-4632] com.alibaba.nacos.common.remote.client   : [82d5ec65-a072-4749-80c1-aafcba0cb56b] Ack server push request, request = NotifySubscriberRequest, requestId = 27
00:05:54:118  INFO 25568 --- [nacos-grpc-client-executor-4665] com.alibaba.nacos.common.remote.client   : [82d5ec65-a072-4749-80c1-aafcba0cb56b] Receive server push request, request = NotifySubscriberRequest, requestId = 29
00:05:54:124  INFO 25568 --- [nacos-grpc-client-executor-4665] com.alibaba.nacos.common.remote.client   : [82d5ec65-a072-4749-80c1-aafcba0cb56b] Ack server push request, request = NotifySubscriberRequest, requestId = 29
00:06:18:192  INFO 25568 --- [nacos-grpc-client-executor-4670] com.alibaba.nacos.common.remote.client   : [82d5ec65-a072-4749-80c1-aafcba0cb56b] Receive server push request, request = NotifySubscriberRequest, requestId = 33
00:06:18:194  INFO 25568 --- [nacos-grpc-client-executor-4670] com.alibaba.nacos.common.remote.client   : [82d5ec65-a072-4749-80c1-aafcba0cb56b] Ack server push request, request = NotifySubscriberRequest, requestId = 33
00:14:17:941  INFO 25568 --- [nacos-grpc-client-executor-4784] com.alibaba.nacos.common.remote.client   : [82d5ec65-a072-4749-80c1-aafcba0cb56b] Receive server push request, request = NotifySubscriberRequest, requestId = 38
00:14:17:942  INFO 25568 --- [nacos-grpc-client-executor-4784] com.alibaba.nacos.common.remote.client   : [82d5ec65-a072-4749-80c1-aafcba0cb56b] Ack server push request, request = NotifySubscriberRequest, requestId = 38
00:17:56:879  INFO 25568 --- [nacos-grpc-client-executor-4840] com.alibaba.nacos.common.remote.client   : [82d5ec65-a072-4749-80c1-aafcba0cb56b] Receive server push request, request = NotifySubscriberRequest, requestId = 39
00:17:56:879  INFO 25568 --- [nacos-grpc-client-executor-4840] com.alibaba.nacos.common.remote.client   : [82d5ec65-a072-4749-80c1-aafcba0cb56b] Ack server push request, request = NotifySubscriberRequest, requestId = 39
00:40:49:178  INFO 25568 --- [nacos-grpc-client-executor-5190] com.alibaba.nacos.common.remote.client   : [82d5ec65-a072-4749-80c1-aafcba0cb56b] Receive server push request, request = NotifySubscriberRequest, requestId = 41
00:40:49:190  INFO 25568 --- [nacos-grpc-client-executor-5190] com.alibaba.nacos.common.remote.client   : [82d5ec65-a072-4749-80c1-aafcba0cb56b] Ack server push request, request = NotifySubscriberRequest, requestId = 41
00:40:49:656  INFO 25568 --- [nacos-grpc-client-executor-5191] com.alibaba.nacos.common.remote.client   : [82d5ec65-a072-4749-80c1-aafcba0cb56b] Receive server push request, request = NotifySubscriberRequest, requestId = 42
00:40:49:659  INFO 25568 --- [nacos-grpc-client-executor-5191] com.alibaba.nacos.common.remote.client   : [82d5ec65-a072-4749-80c1-aafcba0cb56b] Ack server push request, request = NotifySubscriberRequest, requestId = 42
00:41:07:661  INFO 25568 --- [nacos-grpc-client-executor-5195] com.alibaba.nacos.common.remote.client   : [82d5ec65-a072-4749-80c1-aafcba0cb56b] Receive server push request, request = NotifySubscriberRequest, requestId = 46
00:41:07:665  INFO 25568 --- [nacos-grpc-client-executor-5195] com.alibaba.nacos.common.remote.client   : [82d5ec65-a072-4749-80c1-aafcba0cb56b] Ack server push request, request = NotifySubscriberRequest, requestId = 46
00:41:13:609  INFO 25568 --- [nacos-grpc-client-executor-5196] com.alibaba.nacos.common.remote.client   : [82d5ec65-a072-4749-80c1-aafcba0cb56b] Receive server push request, request = NotifySubscriberRequest, requestId = 49
00:41:13:615  INFO 25568 --- [nacos-grpc-client-executor-5196] com.alibaba.nacos.common.remote.client   : [82d5ec65-a072-4749-80c1-aafcba0cb56b] Ack server push request, request = NotifySubscriberRequest, requestId = 49
00:41:28:789  INFO 25568 --- [nacos-grpc-client-executor-5199] com.alibaba.nacos.common.remote.client   : [82d5ec65-a072-4749-80c1-aafcba0cb56b] Receive server push request, request = NotifySubscriberRequest, requestId = 51
00:41:28:793  INFO 25568 --- [nacos-grpc-client-executor-5199] com.alibaba.nacos.common.remote.client   : [82d5ec65-a072-4749-80c1-aafcba0cb56b] Ack server push request, request = NotifySubscriberRequest, requestId = 51
00:41:42:899  INFO 25568 --- [nacos-grpc-client-executor-5202] com.alibaba.nacos.common.remote.client   : [82d5ec65-a072-4749-80c1-aafcba0cb56b] Receive server push request, request = NotifySubscriberRequest, requestId = 53
00:41:42:902  INFO 25568 --- [nacos-grpc-client-executor-5202] com.alibaba.nacos.common.remote.client   : [82d5ec65-a072-4749-80c1-aafcba0cb56b] Ack server push request, request = NotifySubscriberRequest, requestId = 53
